==95299== Memcheck, a memory error detector
==95299== Copyright (C) 2002-2022, and GNU GPL'd, by Julian Seward et al.
==95299== Using Valgrind-3.21.0.GIT-lbmacos and LibVEX; rerun with -h for copyright info
==95299== Command: ./a.out
==95299== Parent PID: 84689
==95299== 
==95299== 
==95299== HEAP SUMMARY:
==95299==     in use at exit: 18,061 bytes in 171 blocks
==95299==   total heap usage: 185 allocs, 14 frees, 22,805 bytes allocated
==95299== 
==95299== 32 bytes in 1 blocks are definitely lost in loss record 14 of 43
==95299==    at 0x100124BA0: calloc (in /Users/smelicha/.brew/Cellar/valgrind/HEAD-9da5605/libexec/valgrind/vgpreload_memcheck-amd64-darwin.so)
==95299==    by 0x1006FC5F3: objc::DenseMap<objc_class*, objc_class*, objc::DenseMapValueInfo<objc_class*>, objc::DenseMapInfo<objc_class*>, objc::detail::DenseMapPair<objc_class*, objc_class*> >::grow(unsigned int) (in /usr/lib/libobjc.A.dylib)
==95299==    by 0x1006FC69F: objc_class::mangledName() (in /usr/lib/libobjc.A.dylib)
==95299==    by 0x1006E8406: objc_opt::objc_stringhash_t::getIndex(char const*) const (in /usr/lib/libobjc.A.dylib)
==95299==    by 0x1006F82D0: unmap_image (in /usr/lib/libobjc.A.dylib)
==95299==    by 0x100015667: dyld::notifyBatchPartial(dyld_image_states, bool, char const* (*)(dyld_image_states, unsigned int, dyld_image_info const*), bool, bool) (in /usr/lib/dyld)
==95299==    by 0x100015808: dyld::registerObjCNotifiers(void (*)(unsigned int, char const* const*, mach_header const* const*), void (*)(char const*, mach_header const*), void (*)(char const*, mach_header const*)) (in /usr/lib/dyld)
==95299==    by 0x1002C1AD0: _dyld_objc_notify_register (in /usr/lib/system/libdyld.dylib)
==95299==    by 0x1006E6DAF: map_images_nolock (in /usr/lib/libobjc.A.dylib)
==95299==    by 0x100243F38: _os_object_init (in /usr/lib/system/libdispatch.dylib)
==95299==    by 0x1002500E7: libdispatch_init (in /usr/lib/system/libdispatch.dylib)
==95299==    by 0x100133790: libSystem_initializer (in /usr/lib/libSystem.B.dylib)
==95299== 
==95299== 32 bytes in 1 blocks are definitely lost in loss record 15 of 43
==95299==    at 0x100124BA0: calloc (in /Users/smelicha/.brew/Cellar/valgrind/HEAD-9da5605/libexec/valgrind/vgpreload_memcheck-amd64-darwin.so)
==95299==    by 0x1006FC5F3: objc::DenseMap<objc_class*, objc_class*, objc::DenseMapValueInfo<objc_class*>, objc::DenseMapInfo<objc_class*>, objc::detail::DenseMapPair<objc_class*, objc_class*> >::grow(unsigned int) (in /usr/lib/libobjc.A.dylib)
==95299==    by 0x1006FC6C6: objc_class::mangledName() (in /usr/lib/libobjc.A.dylib)
==95299==    by 0x1006FC69F: objc_class::mangledName() (in /usr/lib/libobjc.A.dylib)
==95299==    by 0x1006E8406: objc_opt::objc_stringhash_t::getIndex(char const*) const (in /usr/lib/libobjc.A.dylib)
==95299==    by 0x1006F82D0: unmap_image (in /usr/lib/libobjc.A.dylib)
==95299==    by 0x100015667: dyld::notifyBatchPartial(dyld_image_states, bool, char const* (*)(dyld_image_states, unsigned int, dyld_image_info const*), bool, bool) (in /usr/lib/dyld)
==95299==    by 0x100015808: dyld::registerObjCNotifiers(void (*)(unsigned int, char const* const*, mach_header const* const*), void (*)(char const*, mach_header const*), void (*)(char const*, mach_header const*)) (in /usr/lib/dyld)
==95299==    by 0x1002C1AD0: _dyld_objc_notify_register (in /usr/lib/system/libdyld.dylib)
==95299==    by 0x1006E6DAF: map_images_nolock (in /usr/lib/libobjc.A.dylib)
==95299==    by 0x100243F38: _os_object_init (in /usr/lib/system/libdispatch.dylib)
==95299==    by 0x1002500E7: libdispatch_init (in /usr/lib/system/libdispatch.dylib)
==95299== 
==95299== 80 (16 direct, 64 indirect) bytes in 1 blocks are definitely lost in loss record 21 of 43
==95299==    at 0x100124545: malloc (in /Users/smelicha/.brew/Cellar/valgrind/HEAD-9da5605/libexec/valgrind/vgpreload_memcheck-amd64-darwin.so)
==95299==    by 0x1003E0FA3: _owned_ptr_alloc (in /usr/lib/system/libsystem_c.dylib)
==95299==    by 0x1003E1675: setenv (in /usr/lib/system/libsystem_c.dylib)
==95299==    by 0x100683346: _libxpc_initializer (in /usr/lib/system/libxpc.dylib)
==95299==    by 0x1001337A0: libSystem_initializer (in /usr/lib/libSystem.B.dylib)
==95299==    by 0x10002B352: ImageLoaderMachO::doModInitFunctions(ImageLoader::LinkContext const&) (in /usr/lib/dyld)
==95299==    by 0x10002B75D: ImageLoaderMachO::doInitialization(ImageLoader::LinkContext const&) (in /usr/lib/dyld)
==95299==    by 0x10002617A: ImageLoader::recursiveInitialization(ImageLoader::LinkContext const&, unsigned int, char const*, ImageLoader::InitializerTimingList&, ImageLoader::UninitedUpwards&) (in /usr/lib/dyld)
==95299==    by 0x1000260E5: ImageLoader::recursiveInitialization(ImageLoader::LinkContext const&, unsigned int, char const*, ImageLoader::InitializerTimingList&, ImageLoader::UninitedUpwards&) (in /usr/lib/dyld)
==95299==    by 0x100024233: ImageLoader::processInitializers(ImageLoader::LinkContext const&, unsigned int, ImageLoader::InitializerTimingList&, ImageLoader::UninitedUpwards&) (in /usr/lib/dyld)
==95299==    by 0x1000242D3: ImageLoader::runInitializers(ImageLoader::LinkContext const&, ImageLoader::InitializerTimingList&) (in /usr/lib/dyld)
==95299==    by 0x100012661: dyld::initializeMainExecutable() (in /usr/lib/dyld)
==95299== 
==95299== 88 (72 direct, 16 indirect) bytes in 1 blocks are definitely lost in loss record 22 of 43
==95299==    at 0x100124545: malloc (in /Users/smelicha/.brew/Cellar/valgrind/HEAD-9da5605/libexec/valgrind/vgpreload_memcheck-amd64-darwin.so)
==95299==    by 0x100003C85: ft_split (ft_split.c:165)
==95299==    by 0x100003BE4: main (ft_split.c:84)
==95299== 
==95299== 128 bytes in 1 blocks are definitely lost in loss record 26 of 43
==95299==    at 0x100124BA0: calloc (in /Users/smelicha/.brew/Cellar/valgrind/HEAD-9da5605/libexec/valgrind/vgpreload_memcheck-amd64-darwin.so)
==95299==    by 0x1006EB667: objc_msgSend_stret (in /usr/lib/libobjc.A.dylib)
==95299==    by 0x100243FEC: _os_object_alloc_realized (in /usr/lib/system/libdispatch.dylib)
==95299==    by 0x100248BC5: _dispatch_lane_create_with_target (in /usr/lib/system/libdispatch.dylib)
==95299==    by 0x10064B5F5: _libtrace_init (in /usr/lib/system/libsystem_trace.dylib)
==95299==    by 0x1001337B0: libSystem_initializer (in /usr/lib/libSystem.B.dylib)
==95299==    by 0x10002B352: ImageLoaderMachO::doModInitFunctions(ImageLoader::LinkContext const&) (in /usr/lib/dyld)
==95299==    by 0x10002B75D: ImageLoaderMachO::doInitialization(ImageLoader::LinkContext const&) (in /usr/lib/dyld)
==95299==    by 0x10002617A: ImageLoader::recursiveInitialization(ImageLoader::LinkContext const&, unsigned int, char const*, ImageLoader::InitializerTimingList&, ImageLoader::UninitedUpwards&) (in /usr/lib/dyld)
==95299==    by 0x1000260E5: ImageLoader::recursiveInitialization(ImageLoader::LinkContext const&, unsigned int, char const*, ImageLoader::InitializerTimingList&, ImageLoader::UninitedUpwards&) (in /usr/lib/dyld)
==95299==    by 0x100024233: ImageLoader::processInitializers(ImageLoader::LinkContext const&, unsigned int, ImageLoader::InitializerTimingList&, ImageLoader::UninitedUpwards&) (in /usr/lib/dyld)
==95299==    by 0x1000242D3: ImageLoader::runInitializers(ImageLoader::LinkContext const&, ImageLoader::InitializerTimingList&) (in /usr/lib/dyld)
==95299== 
==95299== 378 (96 direct, 282 indirect) bytes in 1 blocks are definitely lost in loss record 33 of 43
==95299==    at 0x100124BA0: calloc (in /Users/smelicha/.brew/Cellar/valgrind/HEAD-9da5605/libexec/valgrind/vgpreload_memcheck-amd64-darwin.so)
==95299==    by 0x1006EB667: objc_msgSend_stret (in /usr/lib/libobjc.A.dylib)
==95299==    by 0x100243FEC: _os_object_alloc_realized (in /usr/lib/system/libdispatch.dylib)
==95299==    by 0x1006837D7: xpc_dictionary_create (in /usr/lib/system/libxpc.dylib)
==95299==    by 0x100683E02: _xpc_dyld_image_callback (in /usr/lib/system/libxpc.dylib)
==95299==    by 0x10001499C: dyld::registerBulkLoadCallback(void (*)(unsigned int, mach_header const**, char const**)) (in /usr/lib/dyld)
==95299==    by 0x100683D1A: _xpc_collect_images (in /usr/lib/system/libxpc.dylib)
==95299==    by 0x100683297: _libxpc_initializer (in /usr/lib/system/libxpc.dylib)
==95299==    by 0x1001337A0: libSystem_initializer (in /usr/lib/libSystem.B.dylib)
==95299==    by 0x10002B352: ImageLoaderMachO::doModInitFunctions(ImageLoader::LinkContext const&) (in /usr/lib/dyld)
==95299==    by 0x10002B75D: ImageLoaderMachO::doInitialization(ImageLoader::LinkContext const&) (in /usr/lib/dyld)
==95299==    by 0x10002617A: ImageLoader::recursiveInitialization(ImageLoader::LinkContext const&, unsigned int, char const*, ImageLoader::InitializerTimingList&, ImageLoader::UninitedUpwards&) (in /usr/lib/dyld)
==95299== 
==95299== 896 bytes in 28 blocks are definitely lost in loss record 36 of 43
==95299==    at 0x100124BA0: calloc (in /Users/smelicha/.brew/Cellar/valgrind/HEAD-9da5605/libexec/valgrind/vgpreload_memcheck-amd64-darwin.so)
==95299==    by 0x1006FC5F3: objc::DenseMap<objc_class*, objc_class*, objc::DenseMapValueInfo<objc_class*>, objc::DenseMapInfo<objc_class*>, objc::detail::DenseMapPair<objc_class*, objc_class*> >::grow(unsigned int) (in /usr/lib/libobjc.A.dylib)
==95299==    by 0x1006E8406: objc_opt::objc_stringhash_t::getIndex(char const*) const (in /usr/lib/libobjc.A.dylib)
==95299==    by 0x1006F82D0: unmap_image (in /usr/lib/libobjc.A.dylib)
==95299==    by 0x100015667: dyld::notifyBatchPartial(dyld_image_states, bool, char const* (*)(dyld_image_states, unsigned int, dyld_image_info const*), bool, bool) (in /usr/lib/dyld)
==95299==    by 0x100015808: dyld::registerObjCNotifiers(void (*)(unsigned int, char const* const*, mach_header const* const*), void (*)(char const*, mach_header const*), void (*)(char const*, mach_header const*)) (in /usr/lib/dyld)
==95299==    by 0x1002C1AD0: _dyld_objc_notify_register (in /usr/lib/system/libdyld.dylib)
==95299==    by 0x1006E6DAF: map_images_nolock (in /usr/lib/libobjc.A.dylib)
==95299==    by 0x100243F38: _os_object_init (in /usr/lib/system/libdispatch.dylib)
==95299==    by 0x1002500E7: libdispatch_init (in /usr/lib/system/libdispatch.dylib)
==95299==    by 0x100133790: libSystem_initializer (in /usr/lib/libSystem.B.dylib)
==95299==    by 0x10002B352: ImageLoaderMachO::doModInitFunctions(ImageLoader::LinkContext const&) (in /usr/lib/dyld)
==95299== 
==95299== 896 bytes in 28 blocks are definitely lost in loss record 37 of 43
==95299==    at 0x100124BA0: calloc (in /Users/smelicha/.brew/Cellar/valgrind/HEAD-9da5605/libexec/valgrind/vgpreload_memcheck-amd64-darwin.so)
==95299==    by 0x1006FC5F3: objc::DenseMap<objc_class*, objc_class*, objc::DenseMapValueInfo<objc_class*>, objc::DenseMapInfo<objc_class*>, objc::detail::DenseMapPair<objc_class*, objc_class*> >::grow(unsigned int) (in /usr/lib/libobjc.A.dylib)
==95299==    by 0x1006FC6C6: objc_class::mangledName() (in /usr/lib/libobjc.A.dylib)
==95299==    by 0x1006E8406: objc_opt::objc_stringhash_t::getIndex(char const*) const (in /usr/lib/libobjc.A.dylib)
==95299==    by 0x1006F82D0: unmap_image (in /usr/lib/libobjc.A.dylib)
==95299==    by 0x100015667: dyld::notifyBatchPartial(dyld_image_states, bool, char const* (*)(dyld_image_states, unsigned int, dyld_image_info const*), bool, bool) (in /usr/lib/dyld)
==95299==    by 0x100015808: dyld::registerObjCNotifiers(void (*)(unsigned int, char const* const*, mach_header const* const*), void (*)(char const*, mach_header const*), void (*)(char const*, mach_header const*)) (in /usr/lib/dyld)
==95299==    by 0x1002C1AD0: _dyld_objc_notify_register (in /usr/lib/system/libdyld.dylib)
==95299==    by 0x1006E6DAF: map_images_nolock (in /usr/lib/libobjc.A.dylib)
==95299==    by 0x100243F38: _os_object_init (in /usr/lib/system/libdispatch.dylib)
==95299==    by 0x1002500E7: libdispatch_init (in /usr/lib/system/libdispatch.dylib)
==95299==    by 0x100133790: libSystem_initializer (in /usr/lib/libSystem.B.dylib)
==95299== 
==95299== 933 (96 direct, 837 indirect) bytes in 1 blocks are definitely lost in loss record 38 of 43
==95299==    at 0x100124BA0: calloc (in /Users/smelicha/.brew/Cellar/valgrind/HEAD-9da5605/libexec/valgrind/vgpreload_memcheck-amd64-darwin.so)
==95299==    by 0x1006EB667: objc_msgSend_stret (in /usr/lib/libobjc.A.dylib)
==95299==    by 0x100243FEC: _os_object_alloc_realized (in /usr/lib/system/libdispatch.dylib)
==95299==    by 0x1006837D7: xpc_dictionary_create (in /usr/lib/system/libxpc.dylib)
==95299==    by 0x100683659: _xpc_collect_environment (in /usr/lib/system/libxpc.dylib)
==95299==    by 0x100683292: _libxpc_initializer (in /usr/lib/system/libxpc.dylib)
==95299==    by 0x1001337A0: libSystem_initializer (in /usr/lib/libSystem.B.dylib)
==95299==    by 0x10002B352: ImageLoaderMachO::doModInitFunctions(ImageLoader::LinkContext const&) (in /usr/lib/dyld)
==95299==    by 0x10002B75D: ImageLoaderMachO::doInitialization(ImageLoader::LinkContext const&) (in /usr/lib/dyld)
==95299==    by 0x10002617A: ImageLoader::recursiveInitialization(ImageLoader::LinkContext const&, unsigned int, char const*, ImageLoader::InitializerTimingList&, ImageLoader::UninitedUpwards&) (in /usr/lib/dyld)
==95299==    by 0x1000260E5: ImageLoader::recursiveInitialization(ImageLoader::LinkContext const&, unsigned int, char const*, ImageLoader::InitializerTimingList&, ImageLoader::UninitedUpwards&) (in /usr/lib/dyld)
==95299==    by 0x100024233: ImageLoader::processInitializers(ImageLoader::LinkContext const&, unsigned int, ImageLoader::InitializerTimingList&, ImageLoader::UninitedUpwards&) (in /usr/lib/dyld)
==95299== 
==95299== 4,096 bytes in 1 blocks are definitely lost in loss record 43 of 43
==95299==    at 0x100124545: malloc (in /Users/smelicha/.brew/Cellar/valgrind/HEAD-9da5605/libexec/valgrind/vgpreload_memcheck-amd64-darwin.so)
==95299==    by 0x1003BE367: __smakebuf (in /usr/lib/system/libsystem_c.dylib)
==95299==    by 0x1003D1C4D: __swsetup (in /usr/lib/system/libsystem_c.dylib)
==95299==    by 0x1003BD596: __sfvwrite (in /usr/lib/system/libsystem_c.dylib)
==95299==    by 0x1003C16B9: puts (in /usr/lib/system/libsystem_c.dylib)
==95299==    by 0x100003BF3: main (ft_split.c:85)
==95299== 
==95299== LEAK SUMMARY:
==95299==    definitely lost: 6,360 bytes in 64 blocks
==95299==    indirectly lost: 1,199 bytes in 29 blocks
==95299==      possibly lost: 0 bytes in 0 blocks
==95299==    still reachable: 0 bytes in 0 blocks
==95299==         suppressed: 10,502 bytes in 78 blocks
==95299== 
==95299== ERROR SUMMARY: 10 errors from 10 contexts (suppressed: 7 from 7)
--95299-- 
--95299-- used_suppression:      2 OSX1015:dyld-4 /Users/smelicha/.brew/Cellar/valgrind/HEAD-9da5605/libexec/valgrind/default.supp:751 suppressed: 4,128 bytes in 2 blocks
--95299-- used_suppression:      1 OSX1015:Leak02-objc /Users/smelicha/.brew/Cellar/valgrind/HEAD-9da5605/libexec/valgrind/default.supp:812 suppressed: 2,048 bytes in 1 blocks
--95299-- used_suppression:      5 OSX1015:dyld-8 /Users/smelicha/.brew/Cellar/valgrind/HEAD-9da5605/libexec/valgrind/default.supp:791 suppressed: 1,726 bytes in 5 blocks
--95299-- used_suppression:     18 OSX1015:dyld-7 /Users/smelicha/.brew/Cellar/valgrind/HEAD-9da5605/libexec/valgrind/default.supp:781 suppressed: 2,336 bytes in 67 blocks
--95299-- used_suppression:      1 OSX1015:dyld-5 /Users/smelicha/.brew/Cellar/valgrind/HEAD-9da5605/libexec/valgrind/default.supp:761 suppressed: 264 bytes in 3 blocks
--95299-- used_suppression:      1 OSX1015:dyld-1 /Users/smelicha/.brew/Cellar/valgrind/HEAD-9da5605/libexec/valgrind/default.supp:726
--95299-- used_suppression:      2 OSX1015:dyld-3 /Users/smelicha/.brew/Cellar/valgrind/HEAD-9da5605/libexec/valgrind/default.supp:742
--95299-- used_suppression:      1 OSX1015:dyld-2 /Users/smelicha/.brew/Cellar/valgrind/HEAD-9da5605/libexec/valgrind/default.supp:733
==95299== 
==95299== ERROR SUMMARY: 10 errors from 10 contexts (suppressed: 7 from 7)
